20251110-153530: Mode reported → Away from /mnt/c/Users/gabor/Documents/GitHub/switchtracker-projects/alexa-switchtracker-v2/test-events/reportstate.json
20251110-153532: Mode reported → Away from /mnt/c/Users/gabor/Documents/GitHub/switchtracker-projects/alexa-switchtracker-v2/test-events/setmode-away.json
20251110-153532: Mode reported → Away from /mnt/c/Users/gabor/Documents/GitHub/switchtracker-projects/alexa-switchtracker-v2/test-events/reportstate.json
20251110-154048: Mode reported → Away from /mnt/c/Users/gabor/Documents/GitHub/switchtracker-projects/alexa-switchtracker-v2/test-events/reportstate.json
20251110-154050: Mode reported → Away from /mnt/c/Users/gabor/Documents/GitHub/switchtracker-projects/alexa-switchtracker-v2/test-events/setmode-away.json
20251110-154051: Mode reported → Away from /mnt/c/Users/gabor/Documents/GitHub/switchtracker-projects/alexa-switchtracker-v2/test-events/reportstate.json
20251110-154217: Mode reported → Away from /mnt/c/Users/gabor/Documents/GitHub/switchtracker-projects/alexa-switchtracker-v2/test-events/reportstate.json
20251110-154218: Mode reported → Away from /mnt/c/Users/gabor/Documents/GitHub/switchtracker-projects/alexa-switchtracker-v2/test-events/reportstate.json
20251110-154219: Mode reported → Away from /mnt/c/Users/gabor/Documents/GitHub/switchtracker-projects/alexa-switchtracker-v2/test-events/reportstate.json
20251110-154220: Mode reported → Away from /mnt/c/Users/gabor/Documents/GitHub/switchtracker-projects/alexa-switchtracker-v2/test-events/setmode-away.json
20251110-154221: Mode reported → Away from /mnt/c/Users/gabor/Documents/GitHub/switchtracker-projects/alexa-switchtracker-v2/test-events/reportstate.json
20251110-154222: Mode reported → <none> from /mnt/c/Users/gabor/Documents/GitHub/switchtracker-projects/alexa-switchtracker-v2/test-events/discovery.json
20251110-154223: Mode reported → <none> from /mnt/c/Users/gabor/Documents/GitHub/switchtracker-projects/alexa-switchtracker-v2/test-events/turnon.json
20251110-154512: Mode reported → Away from /mnt/c/Users/gabor/Documents/GitHub/switchtracker-projects/alexa-switchtracker-v2/test-events/reportstate.json
20251110-154514: Mode reported → Away from /mnt/c/Users/gabor/Documents/GitHub/switchtracker-projects/alexa-switchtracker-v2/test-events/reportstate.json
20251110-154515: Mode reported → Away from /mnt/c/Users/gabor/Documents/GitHub/switchtracker-projects/alexa-switchtracker-v2/test-events/reportstate.json
20251110-154516: Mode reported → Away from /mnt/c/Users/gabor/Documents/GitHub/switchtracker-projects/alexa-switchtracker-v2/test-events/setmode-away.json
20251110-154559: Mode reported → Home from /mnt/c/Users/gabor/Documents/GitHub/switchtracker-projects/alexa-switchtracker-v2/test-events/setmode-home.json
20251110-154600: Mode reported → Home from /mnt/c/Users/gabor/Documents/GitHub/switchtracker-projects/alexa-switchtracker-v2/test-events/reportstate.json
20251110-154601: Mode reported → Travel from /mnt/c/Users/gabor/Documents/GitHub/switchtracker-projects/alexa-switchtracker-v2/test-events/setmode-travel.json
20251110-154602: Mode reported → Travel from /mnt/c/Users/gabor/Documents/GitHub/switchtracker-projects/alexa-switchtracker-v2/test-events/reportstate.json
20251110-154603: Mode reported → Waiting from /mnt/c/Users/gabor/Documents/GitHub/switchtracker-projects/alexa-switchtracker-v2/test-events/setmode-waiting.json
20251110-154604: Mode reported → Waiting from /mnt/c/Users/gabor/Documents/GitHub/switchtracker-projects/alexa-switchtracker-v2/test-events/reportstate.json
20251110-154605: Mode reported → Away from /mnt/c/Users/gabor/Documents/GitHub/switchtracker-projects/alexa-switchtracker-v2/test-events/setmode-away.json
20251110-154606: Mode reported → Away from /mnt/c/Users/gabor/Documents/GitHub/switchtracker-projects/alexa-switchtracker-v2/test-events/reportstate.json
20251110-154607: Mode reported → <none> from /mnt/c/Users/gabor/Documents/GitHub/switchtracker-projects/alexa-switchtracker-v2/test-events/discovery.json
20251110-154608: Mode reported → <none> from /mnt/c/Users/gabor/Documents/GitHub/switchtracker-projects/alexa-switchtracker-v2/test-events/turnon.json
